<?xml version="1.0" encoding="UTF-8"?>
<testng-results skipped="0" failed="0" total="1" passed="1">
  <reporter-output>
  </reporter-output>
  <suite name="Default suite" duration-ms="24985" started-at="2018-08-01T15:33:18Z" finished-at="2018-08-01T15:33:43Z">
    <groups>
    </groups>
    <test name="Default test" duration-ms="24985" started-at="2018-08-01T15:33:18Z" finished-at="2018-08-01T15:33:43Z">
      <class name="tests.MailDeleteViaActionJS">
        <test-method status="PASS" signature="actionsTest()[pri:0, instance:tests.MailDeleteViaActionJS@591f989e]" name="actionsTest" duration-ms="22645" started-at="2018-08-01T18:33:18Z" description="To test actions" finished-at="2018-08-01T18:33:41Z">
          <reporter-output>
          </reporter-output>
        </test-method> <!-- actionsTest -->
        <test-method status="PASS" signature="stopBrowser()[pri:0, instance:tests.MailDeleteViaActionJS@591f989e]" name="stopBrowser" is-config="true" duration-ms="2329" started-at="2018-08-01T18:33:41Z" description="Stop Browser" finished-at="2018-08-01T18:33:43Z">
          <reporter-output>
          </reporter-output>
        </test-method> <!-- stopBrowser -->
      </class> <!-- tests.MailDeleteViaActionJS -->
    </test> <!-- Default test -->
  </suite> <!-- Default suite -->
</testng-results>
